<?xml version="1.0" encoding="UTF-8"?>
<!-- Generated by org.testng.reporters.JUnitReportReporter -->
<testsuite hostname="LAPTOP-2GMD4EUC" failures="0" tests="7" name="dataPrivider.Facebook" time="59.403" errors="0" timestamp="25 Jun 2018 16:33:59 GMT" skipped="0">
  <testcase classname="dataPrivider.Facebook" name="FacebookSignUp" time="3.343"/>
  <testcase classname="dataPrivider.Facebook" name="FacebookSignUp" time="2.504"/>
  <testcase classname="dataPrivider.Facebook" name="FacebookSignUp" time="1.940"/>
  <testcase classname="dataPrivider.Facebook" name="FacebookSignUp" time="44.367"/>
  <testcase classname="dataPrivider.Facebook" name="FacebookSignUp" time="2.927"/>
  <testcase classname="dataPrivider.Facebook" name="FacebookSignUp" time="2.142"/>
  <testcase classname="dataPrivider.Facebook" name="FacebookSignUp" time="2.180"/>
</testsuite> <!-- dataPrivider.Facebook -->
