<?xml version="1.0" encoding="UTF-8"?>
<!-- Generated by org.testng.reporters.JUnitReportReporter -->
<testsuite hostname="LAPTOP-2GMD4EUC" failures="0" tests="7" name="dataPrivider.Facebook" time="20.451" errors="0" timestamp="25 Jun 2018 19:18:06 GMT" skipped="0">
  <testcase classname="dataPrivider.Facebook" name="FacebookSignUp" time="5.600"/>
  <testcase classname="dataPrivider.Facebook" name="FacebookSignUp" time="2.038"/>
  <testcase classname="dataPrivider.Facebook" name="FacebookSignUp" time="2.837"/>
  <testcase classname="dataPrivider.Facebook" name="FacebookSignUp" time="2.326"/>
  <testcase classname="dataPrivider.Facebook" name="FacebookSignUp" time="2.350"/>
  <testcase classname="dataPrivider.Facebook" name="FacebookSignUp" time="2.870"/>
  <testcase classname="dataPrivider.Facebook" name="FacebookSignUp" time="2.430"/>
</testsuite> <!-- dataPrivider.Facebook -->
