<?xml version="1.0" encoding="UTF-8"?>
<!-- Generated by org.testng.reporters.JUnitReportReporter -->
<testsuite hostname="LAPTOP-2GMD4EUC" failures="0" tests="7" name="dataPrivider.Facebook" time="17.455" errors="0" timestamp="25 Jun 2018 15:25:09 GMT" skipped="0">
  <testcase classname="dataPrivider.Facebook" name="FacebookSignUp" time="1.934"/>
  <testcase classname="dataPrivider.Facebook" name="FacebookSignUp" time="2.052"/>
  <testcase classname="dataPrivider.Facebook" name="FacebookSignUp" time="1.980"/>
  <testcase classname="dataPrivider.Facebook" name="FacebookSignUp" time="2.573"/>
  <testcase classname="dataPrivider.Facebook" name="FacebookSignUp" time="4.391"/>
  <testcase classname="dataPrivider.Facebook" name="FacebookSignUp" time="2.125"/>
  <testcase classname="dataPrivider.Facebook" name="FacebookSignUp" time="2.400"/>
</testsuite> <!-- dataPrivider.Facebook -->
