<?xml version="1.0" encoding="UTF-8"?>
<!-- Generated by org.testng.reporters.JUnitReportReporter -->
<testsuite hostname="LAPTOP-2GMD4EUC" failures="0" tests="7" name="dataPrivider.Xpath" time="24.795" errors="0" timestamp="25 Jun 2018 16:45:49 GMT" skipped="0">
  <testcase classname="dataPrivider.Xpath" name="FacebookSignUp" time="3.468"/>
  <testcase classname="dataPrivider.Xpath" name="FacebookSignUp" time="3.747"/>
  <testcase classname="dataPrivider.Xpath" name="FacebookSignUp" time="3.516"/>
  <testcase classname="dataPrivider.Xpath" name="FacebookSignUp" time="3.478"/>
  <testcase classname="dataPrivider.Xpath" name="FacebookSignUp" time="3.579"/>
  <testcase classname="dataPrivider.Xpath" name="FacebookSignUp" time="3.500"/>
  <testcase classname="dataPrivider.Xpath" name="FacebookSignUp" time="3.507"/>
</testsuite> <!-- dataPrivider.Xpath -->
